  [1m[35m (5.8ms)[0m  [1m[35mCREATE TABLE "schema_migrations" ("version" varchar NOT NULL PRIMARY KEY)[0m
  [1m[35m (2.4ms)[0m  [1m[35mCREATE TABLE "ar_internal_metadata" ("key" varchar NOT NULL PRIMARY KEY, "value" varchar, "created_at" datetime NOT NULL, "updated_at" datetime NOT NULL)[0m
  [1m[36mActiveRecord::SchemaMigration Load (0.2ms)[0m  [1m[34mSELECT "schema_migrations".* FROM "schema_migrations"[0m
Migrating to CreateSongs (20171207232134)
  [1m[35m (0.1ms)[0m  [1m[36mbegin transaction[0m
  [1m[35m (0.8ms)[0m  [1m[35mCREATE TABLE "songs" ("id" INTEGER PRIMARY KEY AUTOINCREMENT NOT NULL, "title" varchar, "track_data" text, "created_at" datetime NOT NULL, "updated_at" datetime NOT NULL)[0m
  [1m[35mSQL (0.4ms)[0m  [1m[32mINSERT INTO "schema_migrations" ("version") VALUES (?)[0m  [["version", "20171207232134"]]
  [1m[35m (3.0ms)[0m  [1m[36mcommit transaction[0m
  [1m[36mActiveRecord::InternalMetadata Load (0.3ms)[0m  [1m[34mSELECT  "ar_internal_metadata".* FROM "ar_internal_metadata" WHERE "ar_internal_metadata"."key" = ? LIMIT ?[0m  [["key", "environment"], ["LIMIT", 1]]
  [1m[35m (0.1ms)[0m  [1m[36mbegin transaction[0m
  [1m[35mSQL (0.5ms)[0m  [1m[32mINSERT INTO "ar_internal_metadata" ("key", "value", "created_at", "updated_at") VALUES (?, ?, ?, ?)[0m  [["key", "environment"], ["value", "development"], ["created_at", "2017-12-07 23:23:25.499175"], ["updated_at", "2017-12-07 23:23:25.499175"]]
  [1m[35m (2.2ms)[0m  [1m[36mcommit transaction[0m
  [1m[36mActiveRecord::SchemaMigration Load (0.2ms)[0m  [1m[34mSELECT "schema_migrations".* FROM "schema_migrations"[0m
Started GET "/" for 127.0.0.1 at 2017-12-15 18:30:08 -0600
  [1m[36mActiveRecord::SchemaMigration Load (0.2ms)[0m  [1m[34mSELECT "schema_migrations".* FROM "schema_migrations"[0m
Processing by Rails::WelcomeController#index as HTML
  Parameters: {"internal"=>true}
  Rendering /usr/local/lib/ruby/gems/2.2.0/gems/railties-5.0.6/lib/rails/templates/rails/welcome/index.html.erb
  Rendered /usr/local/lib/ruby/gems/2.2.0/gems/railties-5.0.6/lib/rails/templates/rails/welcome/index.html.erb (5.4ms)
Completed 200 OK in 92ms (Views: 44.2ms | ActiveRecord: 0.0ms)


Started GET "/songs" for 127.0.0.1 at 2017-12-15 18:30:36 -0600
Processing by SongsController#index as HTML
  Rendering songs/index.html.erb within layouts/admin
  [1m[36mSong Load (14.7ms)[0m  [1m[34mSELECT "songs".* FROM "songs"[0m
  Rendered collection of templates [0 times] (0.0ms)
  Rendered songs/index.html.erb within layouts/admin (30.7ms)
Completed 500 Internal Server Error in 257ms (ActiveRecord: 15.3ms)


  
ActionView::Template::Error (undefined local variable or method `crsf_meta_tags' for #<#<Class:0x007fce4c93aea0>:0x007fce4c92a960>):
    3: <head>
    4: 	<meta charset="utf-8">
    5: 	<title>GeekRadio Admin</title>
    6: 	<%= crsf_meta_tags %>
    7: 
    8: 	<%= javascript_include_tag 'admin', 'data-turbolinks-track': 'reload' %>
    9: 
  
app/views/layouts/admin.html.erb:6:in `_app_views_layouts_admin_html_erb___3179780493690060120_70262012187380'
  Rendering /usr/local/lib/ruby/gems/2.2.0/gems/actionpack-5.0.6/lib/action_dispatch/middleware/templates/rescues/template_error.html.erb within rescues/layout
  Rendering /usr/local/lib/ruby/gems/2.2.0/gems/actionpack-5.0.6/lib/action_dispatch/middleware/templates/rescues/_source.html.erb
  Rendered /usr/local/lib/ruby/gems/2.2.0/gems/actionpack-5.0.6/lib/action_dispatch/middleware/templates/rescues/_source.html.erb (14.1ms)
  Rendering /usr/local/lib/ruby/gems/2.2.0/gems/actionpack-5.0.6/lib/action_dispatch/middleware/templates/rescues/_trace.html.erb
  Rendered /usr/local/lib/ruby/gems/2.2.0/gems/actionpack-5.0.6/lib/action_dispatch/middleware/templates/rescues/_trace.html.erb (5.1ms)
  Rendering /usr/local/lib/ruby/gems/2.2.0/gems/actionpack-5.0.6/lib/action_dispatch/middleware/templates/rescues/_request_and_response.html.erb
  Rendered /usr/local/lib/ruby/gems/2.2.0/gems/actionpack-5.0.6/lib/action_dispatch/middleware/templates/rescues/_request_and_response.html.erb (2.4ms)
  Rendered /usr/local/lib/ruby/gems/2.2.0/gems/actionpack-5.0.6/lib/action_dispatch/middleware/templates/rescues/template_error.html.erb within rescues/layout (116.9ms)
Started GET "/songs" for 127.0.0.1 at 2017-12-15 18:32:51 -0600
Processing by SongsController#index as HTML
  Rendering songs/index.html.erb within layouts/admin
  [1m[36mSong Load (0.3ms)[0m  [1m[34mSELECT "songs".* FROM "songs"[0m
  Rendered collection of templates [0 times] (0.1ms)
  Rendered songs/index.html.erb within layouts/admin (2.5ms)
Completed 500 Internal Server Error in 143ms (ActiveRecord: 0.3ms)


  
ActionView::Template::Error (undefined local variable or method `crsf_meta_tags' for #<#<Class:0x007fce4c93aea0>:0x007fce4c7105a8>):
    3: <head>
    4: 	<meta charset="utf-8">
    5: 	<title>GeekRadio Admin</title>
    6: 	<%= crsf_meta_tags %>
    7: 
    8: 	<%= javascript_include_tag 'admin', 'data-turbolinks-track': 'reload' %>
    9: 
  
app/views/layouts/admin.html.erb:6:in `_app_views_layouts_admin_html_erb___3179780493690060120_70262011216740'
  Rendering /usr/local/lib/ruby/gems/2.2.0/gems/actionpack-5.0.6/lib/action_dispatch/middleware/templates/rescues/template_error.html.erb within rescues/layout
  Rendering /usr/local/lib/ruby/gems/2.2.0/gems/actionpack-5.0.6/lib/action_dispatch/middleware/templates/rescues/_source.html.erb
  Rendered /usr/local/lib/ruby/gems/2.2.0/gems/actionpack-5.0.6/lib/action_dispatch/middleware/templates/rescues/_source.html.erb (8.2ms)
  Rendering /usr/local/lib/ruby/gems/2.2.0/gems/actionpack-5.0.6/lib/action_dispatch/middleware/templates/rescues/_trace.html.erb
  Rendered /usr/local/lib/ruby/gems/2.2.0/gems/actionpack-5.0.6/lib/action_dispatch/middleware/templates/rescues/_trace.html.erb (3.2ms)
  Rendering /usr/local/lib/ruby/gems/2.2.0/gems/actionpack-5.0.6/lib/action_dispatch/middleware/templates/rescues/_request_and_response.html.erb
  Rendered /usr/local/lib/ruby/gems/2.2.0/gems/actionpack-5.0.6/lib/action_dispatch/middleware/templates/rescues/_request_and_response.html.erb (1.7ms)
  Rendered /usr/local/lib/ruby/gems/2.2.0/gems/actionpack-5.0.6/lib/action_dispatch/middleware/templates/rescues/template_error.html.erb within rescues/layout (96.5ms)
Started GET "/songs" for 127.0.0.1 at 2017-12-15 18:32:58 -0600
Processing by SongsController#index as HTML
  Rendering songs/index.html.erb within layouts/admin
  [1m[36mSong Load (0.4ms)[0m  [1m[34mSELECT "songs".* FROM "songs"[0m
  Rendered collection of templates [0 times] (0.0ms)
  Rendered songs/index.html.erb within layouts/admin (2.8ms)
Completed 500 Internal Server Error in 149ms (ActiveRecord: 0.4ms)


  
ActionView::Template::Error (undefined local variable or method `crsf_meta_tags' for #<#<Class:0x007fce4c93aea0>:0x007fce4d38de70>):
    3: <head>
    4: 	<meta charset="utf-8">
    5: 	<title>GeekRadio Admin</title>
    6: 	<%= crsf_meta_tags %>
    7: 
    8: 	<%= javascript_include_tag 'admin', 'data-turbolinks-track': 'reload' %>
    9: 
  
app/views/layouts/admin.html.erb:6:in `_app_views_layouts_admin_html_erb___3179780493690060120_70262009777120'
  Rendering /usr/local/lib/ruby/gems/2.2.0/gems/actionpack-5.0.6/lib/action_dispatch/middleware/templates/rescues/template_error.html.erb within rescues/layout
  Rendering /usr/local/lib/ruby/gems/2.2.0/gems/actionpack-5.0.6/lib/action_dispatch/middleware/templates/rescues/_source.html.erb
  Rendered /usr/local/lib/ruby/gems/2.2.0/gems/actionpack-5.0.6/lib/action_dispatch/middleware/templates/rescues/_source.html.erb (13.7ms)
  Rendering /usr/local/lib/ruby/gems/2.2.0/gems/actionpack-5.0.6/lib/action_dispatch/middleware/templates/rescues/_trace.html.erb
  Rendered /usr/local/lib/ruby/gems/2.2.0/gems/actionpack-5.0.6/lib/action_dispatch/middleware/templates/rescues/_trace.html.erb (4.1ms)
  Rendering /usr/local/lib/ruby/gems/2.2.0/gems/actionpack-5.0.6/lib/action_dispatch/middleware/templates/rescues/_request_and_response.html.erb
  Rendered /usr/local/lib/ruby/gems/2.2.0/gems/actionpack-5.0.6/lib/action_dispatch/middleware/templates/rescues/_request_and_response.html.erb (1.4ms)
  Rendered /usr/local/lib/ruby/gems/2.2.0/gems/actionpack-5.0.6/lib/action_dispatch/middleware/templates/rescues/template_error.html.erb within rescues/layout (108.1ms)
Started GET "/songs" for 127.0.0.1 at 2017-12-15 18:33:01 -0600
Processing by SongsController#index as HTML
  Rendering songs/index.html.erb within layouts/admin
  [1m[36mSong Load (0.2ms)[0m  [1m[34mSELECT "songs".* FROM "songs"[0m
  Rendered collection of templates [0 times] (0.0ms)
  Rendered songs/index.html.erb within layouts/admin (1.7ms)
Completed 500 Internal Server Error in 141ms (ActiveRecord: 0.2ms)


  
ActionView::Template::Error (undefined local variable or method `crsf_meta_tags' for #<#<Class:0x007fce4c93aea0>:0x007fce4c719d88>):
    3: <head>
    4: 	<meta charset="utf-8">
    5: 	<title>GeekRadio Admin</title>
    6: 	<%= crsf_meta_tags %>
    7: 
    8: 	<%= javascript_include_tag 'admin', 'data-turbolinks-track': 'reload' %>
    9: 
  
app/views/layouts/admin.html.erb:6:in `_app_views_layouts_admin_html_erb___3179780493690060120_70262011235140'
  Rendering /usr/local/lib/ruby/gems/2.2.0/gems/actionpack-5.0.6/lib/action_dispatch/middleware/templates/rescues/template_error.html.erb within rescues/layout
  Rendering /usr/local/lib/ruby/gems/2.2.0/gems/actionpack-5.0.6/lib/action_dispatch/middleware/templates/rescues/_source.html.erb
  Rendered /usr/local/lib/ruby/gems/2.2.0/gems/actionpack-5.0.6/lib/action_dispatch/middleware/templates/rescues/_source.html.erb (9.3ms)
  Rendering /usr/local/lib/ruby/gems/2.2.0/gems/actionpack-5.0.6/lib/action_dispatch/middleware/templates/rescues/_trace.html.erb
  Rendered /usr/local/lib/ruby/gems/2.2.0/gems/actionpack-5.0.6/lib/action_dispatch/middleware/templates/rescues/_trace.html.erb (5.1ms)
  Rendering /usr/local/lib/ruby/gems/2.2.0/gems/actionpack-5.0.6/lib/action_dispatch/middleware/templates/rescues/_request_and_response.html.erb
  Rendered /usr/local/lib/ruby/gems/2.2.0/gems/actionpack-5.0.6/lib/action_dispatch/middleware/templates/rescues/_request_and_response.html.erb (1.2ms)
  Rendered /usr/local/lib/ruby/gems/2.2.0/gems/actionpack-5.0.6/lib/action_dispatch/middleware/templates/rescues/template_error.html.erb within rescues/layout (112.5ms)
Started GET "/" for 127.0.0.1 at 2017-12-15 18:35:44 -0600
Processing by Rails::WelcomeController#index as HTML
  Parameters: {"internal"=>true}
  Rendering /usr/local/lib/ruby/gems/2.2.0/gems/railties-5.0.6/lib/rails/templates/rails/welcome/index.html.erb
  Rendered /usr/local/lib/ruby/gems/2.2.0/gems/railties-5.0.6/lib/rails/templates/rails/welcome/index.html.erb (3.6ms)
Completed 200 OK in 10ms (Views: 7.2ms | ActiveRecord: 0.0ms)


Started GET "/index" for 127.0.0.1 at 2017-12-15 18:35:55 -0600
  
ActionController::RoutingError (No route matches [GET] "/index"):
  
actionpack (5.0.6) lib/action_dispatch/middleware/debug_exceptions.rb:53:in `call'
web-console (3.5.1) lib/web_console/middleware.rb:135:in `call_app'
web-console (3.5.1) lib/web_console/middleware.rb:28:in `block in call'
web-console (3.5.1) lib/web_console/middleware.rb:18:in `catch'
web-console (3.5.1) lib/web_console/middleware.rb:18:in `call'
actionpack (5.0.6) lib/action_dispatch/middleware/show_exceptions.rb:31:in `call'
railties (5.0.6) lib/rails/rack/logger.rb:36:in `call_app'
railties (5.0.6) lib/rails/rack/logger.rb:24:in `block in call'
activesupport (5.0.6) lib/active_support/tagged_logging.rb:69:in `block in tagged'
activesupport (5.0.6) lib/active_support/tagged_logging.rb:26:in `tagged'
activesupport (5.0.6) lib/active_support/tagged_logging.rb:69:in `tagged'
railties (5.0.6) lib/rails/rack/logger.rb:24:in `call'
sprockets-rails (3.2.1) lib/sprockets/rails/quiet_assets.rb:13:in `call'
actionpack (5.0.6) lib/action_dispatch/middleware/request_id.rb:24:in `call'
rack (2.0.3) lib/rack/method_override.rb:22:in `call'
rack (2.0.3) lib/rack/runtime.rb:22:in `call'
activesupport (5.0.6) lib/active_support/cache/strategy/local_cache_middleware.rb:28:in `call'
actionpack (5.0.6) lib/action_dispatch/middleware/executor.rb:12:in `call'
actionpack (5.0.6) lib/action_dispatch/middleware/static.rb:136:in `call'
rack (2.0.3) lib/rack/sendfile.rb:111:in `call'
railties (5.0.6) lib/rails/engine.rb:522:in `call'
puma (3.11.0) lib/puma/configuration.rb:225:in `call'
puma (3.11.0) lib/puma/server.rb:624:in `handle_request'
puma (3.11.0) lib/puma/server.rb:438:in `process_client'
puma (3.11.0) lib/puma/server.rb:302:in `block in run'
puma (3.11.0) lib/puma/thread_pool.rb:120:in `call'
puma (3.11.0) lib/puma/thread_pool.rb:120:in `block in spawn_thread'
  Rendering /usr/local/lib/ruby/gems/2.2.0/gems/actionpack-5.0.6/lib/action_dispatch/middleware/templates/rescues/routing_error.html.erb within rescues/layout
  Rendering /usr/local/lib/ruby/gems/2.2.0/gems/actionpack-5.0.6/lib/action_dispatch/middleware/templates/rescues/_trace.html.erb
  Rendered /usr/local/lib/ruby/gems/2.2.0/gems/actionpack-5.0.6/lib/action_dispatch/middleware/templates/rescues/_trace.html.erb (2.3ms)
  Rendered collection of /usr/local/lib/ruby/gems/2.2.0/gems/actionpack-5.0.6/lib/action_dispatch/middleware/templates/routes/_route.html.erb [3 times] (93.4ms)
  Rendered /usr/local/lib/ruby/gems/2.2.0/gems/actionpack-5.0.6/lib/action_dispatch/middleware/templates/routes/_table.html.erb (46.6ms)
  Rendering /usr/local/lib/ruby/gems/2.2.0/gems/actionpack-5.0.6/lib/action_dispatch/middleware/templates/rescues/_request_and_response.html.erb
  Rendered /usr/local/lib/ruby/gems/2.2.0/gems/actionpack-5.0.6/lib/action_dispatch/middleware/templates/rescues/_request_and_response.html.erb (1.2ms)
  Rendered /usr/local/lib/ruby/gems/2.2.0/gems/actionpack-5.0.6/lib/action_dispatch/middleware/templates/rescues/routing_error.html.erb within rescues/layout (268.6ms)
Started GET "/home" for 127.0.0.1 at 2017-12-15 18:36:04 -0600
  
ActionController::RoutingError (No route matches [GET] "/home"):
  
actionpack (5.0.6) lib/action_dispatch/middleware/debug_exceptions.rb:53:in `call'
web-console (3.5.1) lib/web_console/middleware.rb:135:in `call_app'
web-console (3.5.1) lib/web_console/middleware.rb:28:in `block in call'
web-console (3.5.1) lib/web_console/middleware.rb:18:in `catch'
web-console (3.5.1) lib/web_console/middleware.rb:18:in `call'
actionpack (5.0.6) lib/action_dispatch/middleware/show_exceptions.rb:31:in `call'
railties (5.0.6) lib/rails/rack/logger.rb:36:in `call_app'
railties (5.0.6) lib/rails/rack/logger.rb:24:in `block in call'
activesupport (5.0.6) lib/active_support/tagged_logging.rb:69:in `block in tagged'
activesupport (5.0.6) lib/active_support/tagged_logging.rb:26:in `tagged'
activesupport (5.0.6) lib/active_support/tagged_logging.rb:69:in `tagged'
railties (5.0.6) lib/rails/rack/logger.rb:24:in `call'
sprockets-rails (3.2.1) lib/sprockets/rails/quiet_assets.rb:13:in `call'
actionpack (5.0.6) lib/action_dispatch/middleware/request_id.rb:24:in `call'
rack (2.0.3) lib/rack/method_override.rb:22:in `call'
rack (2.0.3) lib/rack/runtime.rb:22:in `call'
activesupport (5.0.6) lib/active_support/cache/strategy/local_cache_middleware.rb:28:in `call'
actionpack (5.0.6) lib/action_dispatch/middleware/executor.rb:12:in `call'
actionpack (5.0.6) lib/action_dispatch/middleware/static.rb:136:in `call'
rack (2.0.3) lib/rack/sendfile.rb:111:in `call'
railties (5.0.6) lib/rails/engine.rb:522:in `call'
puma (3.11.0) lib/puma/configuration.rb:225:in `call'
puma (3.11.0) lib/puma/server.rb:624:in `handle_request'
puma (3.11.0) lib/puma/server.rb:438:in `process_client'
puma (3.11.0) lib/puma/server.rb:302:in `block in run'
puma (3.11.0) lib/puma/thread_pool.rb:120:in `call'
puma (3.11.0) lib/puma/thread_pool.rb:120:in `block in spawn_thread'
  Rendering /usr/local/lib/ruby/gems/2.2.0/gems/actionpack-5.0.6/lib/action_dispatch/middleware/templates/rescues/routing_error.html.erb within rescues/layout
  Rendering /usr/local/lib/ruby/gems/2.2.0/gems/actionpack-5.0.6/lib/action_dispatch/middleware/templates/rescues/_trace.html.erb
  Rendered /usr/local/lib/ruby/gems/2.2.0/gems/actionpack-5.0.6/lib/action_dispatch/middleware/templates/rescues/_trace.html.erb (1.8ms)
  Rendered collection of /usr/local/lib/ruby/gems/2.2.0/gems/actionpack-5.0.6/lib/action_dispatch/middleware/templates/routes/_route.html.erb [3 times] (1.9ms)
  Rendered /usr/local/lib/ruby/gems/2.2.0/gems/actionpack-5.0.6/lib/action_dispatch/middleware/templates/routes/_table.html.erb (2.2ms)
  Rendering /usr/local/lib/ruby/gems/2.2.0/gems/actionpack-5.0.6/lib/action_dispatch/middleware/templates/rescues/_request_and_response.html.erb
  Rendered /usr/local/lib/ruby/gems/2.2.0/gems/actionpack-5.0.6/lib/action_dispatch/middleware/templates/rescues/_request_and_response.html.erb (2.0ms)
  Rendered /usr/local/lib/ruby/gems/2.2.0/gems/actionpack-5.0.6/lib/action_dispatch/middleware/templates/rescues/routing_error.html.erb within rescues/layout (120.3ms)
Started GET "/sing" for 127.0.0.1 at 2017-12-15 18:36:10 -0600
  
ActionController::RoutingError (No route matches [GET] "/sing"):
  
actionpack (5.0.6) lib/action_dispatch/middleware/debug_exceptions.rb:53:in `call'
web-console (3.5.1) lib/web_console/middleware.rb:135:in `call_app'
web-console (3.5.1) lib/web_console/middleware.rb:28:in `block in call'
web-console (3.5.1) lib/web_console/middleware.rb:18:in `catch'
web-console (3.5.1) lib/web_console/middleware.rb:18:in `call'
actionpack (5.0.6) lib/action_dispatch/middleware/show_exceptions.rb:31:in `call'
railties (5.0.6) lib/rails/rack/logger.rb:36:in `call_app'
railties (5.0.6) lib/rails/rack/logger.rb:24:in `block in call'
activesupport (5.0.6) lib/active_support/tagged_logging.rb:69:in `block in tagged'
activesupport (5.0.6) lib/active_support/tagged_logging.rb:26:in `tagged'
activesupport (5.0.6) lib/active_support/tagged_logging.rb:69:in `tagged'
railties (5.0.6) lib/rails/rack/logger.rb:24:in `call'
sprockets-rails (3.2.1) lib/sprockets/rails/quiet_assets.rb:13:in `call'
actionpack (5.0.6) lib/action_dispatch/middleware/request_id.rb:24:in `call'
rack (2.0.3) lib/rack/method_override.rb:22:in `call'
rack (2.0.3) lib/rack/runtime.rb:22:in `call'
activesupport (5.0.6) lib/active_support/cache/strategy/local_cache_middleware.rb:28:in `call'
actionpack (5.0.6) lib/action_dispatch/middleware/executor.rb:12:in `call'
actionpack (5.0.6) lib/action_dispatch/middleware/static.rb:136:in `call'
rack (2.0.3) lib/rack/sendfile.rb:111:in `call'
railties (5.0.6) lib/rails/engine.rb:522:in `call'
puma (3.11.0) lib/puma/configuration.rb:225:in `call'
puma (3.11.0) lib/puma/server.rb:624:in `handle_request'
puma (3.11.0) lib/puma/server.rb:438:in `process_client'
puma (3.11.0) lib/puma/server.rb:302:in `block in run'
puma (3.11.0) lib/puma/thread_pool.rb:120:in `call'
puma (3.11.0) lib/puma/thread_pool.rb:120:in `block in spawn_thread'
  Rendering /usr/local/lib/ruby/gems/2.2.0/gems/actionpack-5.0.6/lib/action_dispatch/middleware/templates/rescues/routing_error.html.erb within rescues/layout
  Rendering /usr/local/lib/ruby/gems/2.2.0/gems/actionpack-5.0.6/lib/action_dispatch/middleware/templates/rescues/_trace.html.erb
  Rendered /usr/local/lib/ruby/gems/2.2.0/gems/actionpack-5.0.6/lib/action_dispatch/middleware/templates/rescues/_trace.html.erb (2.6ms)
  Rendered collection of /usr/local/lib/ruby/gems/2.2.0/gems/actionpack-5.0.6/lib/action_dispatch/middleware/templates/routes/_route.html.erb [3 times] (2.7ms)
  Rendered /usr/local/lib/ruby/gems/2.2.0/gems/actionpack-5.0.6/lib/action_dispatch/middleware/templates/routes/_table.html.erb (2.0ms)
  Rendering /usr/local/lib/ruby/gems/2.2.0/gems/actionpack-5.0.6/lib/action_dispatch/middleware/templates/rescues/_request_and_response.html.erb
  Rendered /usr/local/lib/ruby/gems/2.2.0/gems/actionpack-5.0.6/lib/action_dispatch/middleware/templates/rescues/_request_and_response.html.erb (1.4ms)
  Rendered /usr/local/lib/ruby/gems/2.2.0/gems/actionpack-5.0.6/lib/action_dispatch/middleware/templates/rescues/routing_error.html.erb within rescues/layout (126.3ms)
Started GET "/song" for 127.0.0.1 at 2017-12-15 18:36:19 -0600
  
ActionController::RoutingError (No route matches [GET] "/song"):
  
actionpack (5.0.6) lib/action_dispatch/middleware/debug_exceptions.rb:53:in `call'
web-console (3.5.1) lib/web_console/middleware.rb:135:in `call_app'
web-console (3.5.1) lib/web_console/middleware.rb:28:in `block in call'
web-console (3.5.1) lib/web_console/middleware.rb:18:in `catch'
web-console (3.5.1) lib/web_console/middleware.rb:18:in `call'
actionpack (5.0.6) lib/action_dispatch/middleware/show_exceptions.rb:31:in `call'
railties (5.0.6) lib/rails/rack/logger.rb:36:in `call_app'
railties (5.0.6) lib/rails/rack/logger.rb:24:in `block in call'
activesupport (5.0.6) lib/active_support/tagged_logging.rb:69:in `block in tagged'
activesupport (5.0.6) lib/active_support/tagged_logging.rb:26:in `tagged'
activesupport (5.0.6) lib/active_support/tagged_logging.rb:69:in `tagged'
railties (5.0.6) lib/rails/rack/logger.rb:24:in `call'
sprockets-rails (3.2.1) lib/sprockets/rails/quiet_assets.rb:13:in `call'
actionpack (5.0.6) lib/action_dispatch/middleware/request_id.rb:24:in `call'
rack (2.0.3) lib/rack/method_override.rb:22:in `call'
rack (2.0.3) lib/rack/runtime.rb:22:in `call'
activesupport (5.0.6) lib/active_support/cache/strategy/local_cache_middleware.rb:28:in `call'
actionpack (5.0.6) lib/action_dispatch/middleware/executor.rb:12:in `call'
actionpack (5.0.6) lib/action_dispatch/middleware/static.rb:136:in `call'
rack (2.0.3) lib/rack/sendfile.rb:111:in `call'
railties (5.0.6) lib/rails/engine.rb:522:in `call'
puma (3.11.0) lib/puma/configuration.rb:225:in `call'
puma (3.11.0) lib/puma/server.rb:624:in `handle_request'
puma (3.11.0) lib/puma/server.rb:438:in `process_client'
puma (3.11.0) lib/puma/server.rb:302:in `block in run'
puma (3.11.0) lib/puma/thread_pool.rb:120:in `call'
puma (3.11.0) lib/puma/thread_pool.rb:120:in `block in spawn_thread'
  Rendering /usr/local/lib/ruby/gems/2.2.0/gems/actionpack-5.0.6/lib/action_dispatch/middleware/templates/rescues/routing_error.html.erb within rescues/layout
  Rendering /usr/local/lib/ruby/gems/2.2.0/gems/actionpack-5.0.6/lib/action_dispatch/middleware/templates/rescues/_trace.html.erb
  Rendered /usr/local/lib/ruby/gems/2.2.0/gems/actionpack-5.0.6/lib/action_dispatch/middleware/templates/rescues/_trace.html.erb (2.3ms)
  Rendered collection of /usr/local/lib/ruby/gems/2.2.0/gems/actionpack-5.0.6/lib/action_dispatch/middleware/templates/routes/_route.html.erb [3 times] (2.2ms)
  Rendered /usr/local/lib/ruby/gems/2.2.0/gems/actionpack-5.0.6/lib/action_dispatch/middleware/templates/routes/_table.html.erb (2.6ms)
  Rendering /usr/local/lib/ruby/gems/2.2.0/gems/actionpack-5.0.6/lib/action_dispatch/middleware/templates/rescues/_request_and_response.html.erb
  Rendered /usr/local/lib/ruby/gems/2.2.0/gems/actionpack-5.0.6/lib/action_dispatch/middleware/templates/rescues/_request_and_response.html.erb (1.2ms)
  Rendered /usr/local/lib/ruby/gems/2.2.0/gems/actionpack-5.0.6/lib/action_dispatch/middleware/templates/rescues/routing_error.html.erb within rescues/layout (118.1ms)
Started GET "/songs" for 127.0.0.1 at 2017-12-15 18:36:23 -0600
Processing by SongsController#index as HTML
  Rendering songs/index.html.erb within layouts/admin
  [1m[36mSong Load (0.2ms)[0m  [1m[34mSELECT "songs".* FROM "songs"[0m
  Rendered collection of templates [0 times] (0.0ms)
  Rendered songs/index.html.erb within layouts/admin (1.8ms)
Completed 500 Internal Server Error in 155ms (ActiveRecord: 0.2ms)


  
ActionView::Template::Error (undefined local variable or method `crsf_meta_tag' for #<#<Class:0x007fce4c93aea0>:0x007fce4c22c410>):
    3: <head>
    4: 	<meta charset="utf-8">
    5: 	<title>GeekRadio Admin</title>
    6: 	<%= crsf_meta_tag %>
    7: 
    8: 	<%= javascript_include_tag 'admin', 'data-turbolinks-track': 'reload' %>
    9: 
  
app/views/layouts/admin.html.erb:6:in `_app_views_layouts_admin_html_erb___3179780493690060120_70262016741060'
  Rendering /usr/local/lib/ruby/gems/2.2.0/gems/actionpack-5.0.6/lib/action_dispatch/middleware/templates/rescues/template_error.html.erb within rescues/layout
  Rendering /usr/local/lib/ruby/gems/2.2.0/gems/actionpack-5.0.6/lib/action_dispatch/middleware/templates/rescues/_source.html.erb
  Rendered /usr/local/lib/ruby/gems/2.2.0/gems/actionpack-5.0.6/lib/action_dispatch/middleware/templates/rescues/_source.html.erb (16.6ms)
  Rendering /usr/local/lib/ruby/gems/2.2.0/gems/actionpack-5.0.6/lib/action_dispatch/middleware/templates/rescues/_trace.html.erb
  Rendered /usr/local/lib/ruby/gems/2.2.0/gems/actionpack-5.0.6/lib/action_dispatch/middleware/templates/rescues/_trace.html.erb (5.3ms)
  Rendering /usr/local/lib/ruby/gems/2.2.0/gems/actionpack-5.0.6/lib/action_dispatch/middleware/templates/rescues/_request_and_response.html.erb
  Rendered /usr/local/lib/ruby/gems/2.2.0/gems/actionpack-5.0.6/lib/action_dispatch/middleware/templates/rescues/_request_and_response.html.erb (1.1ms)
  Rendered /usr/local/lib/ruby/gems/2.2.0/gems/actionpack-5.0.6/lib/action_dispatch/middleware/templates/rescues/template_error.html.erb within rescues/layout (115.1ms)
Started GET "/" for 127.0.0.1 at 2017-12-15 18:45:48 -0600
Processing by Rails::WelcomeController#index as HTML
  Parameters: {"internal"=>true}
  Rendering /usr/local/lib/ruby/gems/2.2.0/gems/railties-5.0.6/lib/rails/templates/rails/welcome/index.html.erb
  Rendered /usr/local/lib/ruby/gems/2.2.0/gems/railties-5.0.6/lib/rails/templates/rails/welcome/index.html.erb (4.0ms)
Completed 200 OK in 10ms (Views: 7.3ms | ActiveRecord: 0.0ms)


Started GET "/songs" for 127.0.0.1 at 2017-12-15 18:45:57 -0600
Processing by SongsController#index as HTML
  Rendering songs/index.html.erb within layouts/admin
  [1m[36mSong Load (0.2ms)[0m  [1m[34mSELECT "songs".* FROM "songs"[0m
  Rendered collection of templates [0 times] (0.1ms)
  Rendered songs/index.html.erb within layouts/admin (1.7ms)
Completed 500 Internal Server Error in 167ms (ActiveRecord: 0.2ms)


  
ActionView::Template::Error (undefined local variable or method `crsf_meta_tags' for #<#<Class:0x007fce4c93aea0>:0x007fce4cbdaa20>):
    3: <head>
    4: 	<meta charset="utf-8">
    5: 	<title>GeekRadio Admin</title>
    6: 	# <%= crsf_meta_tags %>
    7: 
    8: 	<%= javascript_include_tag 'admin', 'data-turbolinks-track': 'reload' %>
    9: 
  
app/views/layouts/admin.html.erb:6:in `_app_views_layouts_admin_html_erb___3179780493690060120_70262009978580'
  Rendering /usr/local/lib/ruby/gems/2.2.0/gems/actionpack-5.0.6/lib/action_dispatch/middleware/templates/rescues/template_error.html.erb within rescues/layout
  Rendering /usr/local/lib/ruby/gems/2.2.0/gems/actionpack-5.0.6/lib/action_dispatch/middleware/templates/rescues/_source.html.erb
  Rendered /usr/local/lib/ruby/gems/2.2.0/gems/actionpack-5.0.6/lib/action_dispatch/middleware/templates/rescues/_source.html.erb (25.0ms)
  Rendering /usr/local/lib/ruby/gems/2.2.0/gems/actionpack-5.0.6/lib/action_dispatch/middleware/templates/rescues/_trace.html.erb
  Rendered /usr/local/lib/ruby/gems/2.2.0/gems/actionpack-5.0.6/lib/action_dispatch/middleware/templates/rescues/_trace.html.erb (3.3ms)
  Rendering /usr/local/lib/ruby/gems/2.2.0/gems/actionpack-5.0.6/lib/action_dispatch/middleware/templates/rescues/_request_and_response.html.erb
  Rendered /usr/local/lib/ruby/gems/2.2.0/gems/actionpack-5.0.6/lib/action_dispatch/middleware/templates/rescues/_request_and_response.html.erb (1.2ms)
  Rendered /usr/local/lib/ruby/gems/2.2.0/gems/actionpack-5.0.6/lib/action_dispatch/middleware/templates/rescues/template_error.html.erb within rescues/layout (108.2ms)
Started GET "/songs" for 127.0.0.1 at 2017-12-15 18:46:14 -0600
Processing by SongsController#index as HTML
  Rendering songs/index.html.erb within layouts/admin
  [1m[36mSong Load (0.3ms)[0m  [1m[34mSELECT "songs".* FROM "songs"[0m
  Rendered collection of templates [0 times] (0.1ms)
  Rendered songs/index.html.erb within layouts/admin (2.8ms)
Completed 500 Internal Server Error in 250ms (ActiveRecord: 0.3ms)


  
ActionView::Template::Error (couldn't find file 'rails-ujs' with type 'application/javascript'
Checked in these paths: 
  /Users/iNjaro/Sites/Rails_Apps/geekRadioTut/app/assets/config
  /Users/iNjaro/Sites/Rails_Apps/geekRadioTut/app/assets/images
  /Users/iNjaro/Sites/Rails_Apps/geekRadioTut/app/assets/javascripts
  /Users/iNjaro/Sites/Rails_Apps/geekRadioTut/app/assets/stylesheets
  /Users/iNjaro/Sites/Rails_Apps/geekRadioTut/vendor/assets/javascripts
  /Users/iNjaro/Sites/Rails_Apps/geekRadioTut/vendor/assets/stylesheets
  /usr/local/lib/ruby/gems/2.2.0/gems/jquery-rails-4.3.1/vendor/assets/javascripts
  /usr/local/lib/ruby/gems/2.2.0/gems/coffee-rails-4.2.2/lib/assets/javascripts
  /usr/local/lib/ruby/gems/2.2.0/gems/actioncable-5.0.6/lib/assets/compiled
  /usr/local/lib/ruby/gems/2.2.0/gems/turbolinks-source-5.0.3/lib/assets/javascripts):
    4: 	<meta charset="utf-8">
    5: 	<title>GeekRadio Admin</title>
    6: 
    7: 	<%= javascript_include_tag 'admin', 'data-turbolinks-track': 'reload' %>
    8: 
    9: </head>
   10: 
  
app/assets/javascripts/admin.js:2
app/views/layouts/admin.html.erb:7:in `_app_views_layouts_admin_html_erb___3179780493690060120_70262011152020'
  Rendering /usr/local/lib/ruby/gems/2.2.0/gems/actionpack-5.0.6/lib/action_dispatch/middleware/templates/rescues/template_error.html.erb within rescues/layout
  Rendering /usr/local/lib/ruby/gems/2.2.0/gems/actionpack-5.0.6/lib/action_dispatch/middleware/templates/rescues/_source.html.erb
  Rendered /usr/local/lib/ruby/gems/2.2.0/gems/actionpack-5.0.6/lib/action_dispatch/middleware/templates/rescues/_source.html.erb (17.1ms)
  Rendering /usr/local/lib/ruby/gems/2.2.0/gems/actionpack-5.0.6/lib/action_dispatch/middleware/templates/rescues/_trace.html.erb
  Rendered /usr/local/lib/ruby/gems/2.2.0/gems/actionpack-5.0.6/lib/action_dispatch/middleware/templates/rescues/_trace.html.erb (5.6ms)
  Rendering /usr/local/lib/ruby/gems/2.2.0/gems/actionpack-5.0.6/lib/action_dispatch/middleware/templates/rescues/_request_and_response.html.erb
  Rendered /usr/local/lib/ruby/gems/2.2.0/gems/actionpack-5.0.6/lib/action_dispatch/middleware/templates/rescues/_request_and_response.html.erb (2.5ms)
  Rendered /usr/local/lib/ruby/gems/2.2.0/gems/actionpack-5.0.6/lib/action_dispatch/middleware/templates/rescues/template_error.html.erb within rescues/layout (110.6ms)
Started GET "/songs" for 127.0.0.1 at 2017-12-15 18:46:39 -0600
Processing by SongsController#index as HTML
  Rendering songs/index.html.erb within layouts/admin
  [1m[36mSong Load (0.2ms)[0m  [1m[34mSELECT "songs".* FROM "songs"[0m
  Rendered collection of templates [0 times] (0.0ms)
  Rendered songs/index.html.erb within layouts/admin (2.7ms)
Completed 200 OK in 14ms (Views: 9.3ms | ActiveRecord: 0.2ms)


Started GET "/songs" for 127.0.0.1 at 2017-12-15 18:49:27 -0600
Processing by SongsController#index as HTML
  Rendering songs/index.html.erb within layouts/admin
  [1m[36mSong Load (0.2ms)[0m  [1m[34mSELECT "songs".* FROM "songs"[0m
  Rendered collection of templates [0 times] (0.0ms)
  Rendered songs/index.html.erb within layouts/admin (2.2ms)
Completed 500 Internal Server Error in 176ms (ActiveRecord: 0.2ms)


  
ActionView::Template::Error (undefined local variable or method `crsf_meta_tags' for #<#<Class:0x007fce4c93aea0>:0x007fce4fbf61f0>):
    3: <head>
    4: 	<meta charset="utf-8">
    5: 	<title>GeekRadio Admin</title>
    6: 	<%= crsf_meta_tags %>
    7: 
    8: 	<%= javascript_include_tag 'admin', 'data-turbolinks-track': 'reload' %>
    9: 
  
app/views/layouts/admin.html.erb:6:in `_app_views_layouts_admin_html_erb___3179780493690060120_70262039101140'
  Rendering /usr/local/lib/ruby/gems/2.2.0/gems/actionpack-5.0.6/lib/action_dispatch/middleware/templates/rescues/template_error.html.erb within rescues/layout
  Rendering /usr/local/lib/ruby/gems/2.2.0/gems/actionpack-5.0.6/lib/action_dispatch/middleware/templates/rescues/_source.html.erb
  Rendered /usr/local/lib/ruby/gems/2.2.0/gems/actionpack-5.0.6/lib/action_dispatch/middleware/templates/rescues/_source.html.erb (7.7ms)
  Rendering /usr/local/lib/ruby/gems/2.2.0/gems/actionpack-5.0.6/lib/action_dispatch/middleware/templates/rescues/_trace.html.erb
  Rendered /usr/local/lib/ruby/gems/2.2.0/gems/actionpack-5.0.6/lib/action_dispatch/middleware/templates/rescues/_trace.html.erb (3.1ms)
  Rendering /usr/local/lib/ruby/gems/2.2.0/gems/actionpack-5.0.6/lib/action_dispatch/middleware/templates/rescues/_request_and_response.html.erb
  Rendered /usr/local/lib/ruby/gems/2.2.0/gems/actionpack-5.0.6/lib/action_dispatch/middleware/templates/rescues/_request_and_response.html.erb (1.0ms)
  Rendered /usr/local/lib/ruby/gems/2.2.0/gems/actionpack-5.0.6/lib/action_dispatch/middleware/templates/rescues/template_error.html.erb within rescues/layout (93.0ms)
Started GET "/" for 127.0.0.1 at 2017-12-17 21:27:34 -0600
  [1m[36mActiveRecord::SchemaMigration Load (0.3ms)[0m  [1m[34mSELECT "schema_migrations".* FROM "schema_migrations"[0m
Processing by Rails::WelcomeController#index as HTML
  Parameters: {"internal"=>true}
  Rendering /usr/local/lib/ruby/gems/2.2.0/gems/railties-5.0.6/lib/rails/templates/rails/welcome/index.html.erb
  Rendered /usr/local/lib/ruby/gems/2.2.0/gems/railties-5.0.6/lib/rails/templates/rails/welcome/index.html.erb (5.8ms)
Completed 200 OK in 63ms (Views: 39.6ms | ActiveRecord: 0.0ms)


Started GET "/songs" for 127.0.0.1 at 2017-12-17 21:27:46 -0600
Processing by SongsController#index as HTML
  Rendering songs/index.html.erb within layouts/admin
  [1m[36mSong Load (0.3ms)[0m  [1m[34mSELECT "songs".* FROM "songs"[0m
  Rendered collection of templates [0 times] (0.0ms)
  Rendered songs/index.html.erb within layouts/admin (21.7ms)
Completed 500 Internal Server Error in 208ms (ActiveRecord: 0.5ms)


  
ActionView::Template::Error (undefined local variable or method `crsf_meta_tags' for #<#<Class:0x007fb094d81ea8>:0x007fb09222bee8>):
    3: <head>
    4: 	<meta charset="utf-8">
    5: 	<title>GeekRadio Admin</title>
    6: 	<%= crsf_meta_tags %>
    7: 
    8: 	<%= javascript_include_tag 'admin', 'data-turbolinks-track': 'reload' %>
    9: 
  
app/views/layouts/admin.html.erb:6:in `_app_views_layouts_admin_html_erb__2309575735127604365_70198194069120'
  Rendering /usr/local/lib/ruby/gems/2.2.0/gems/actionpack-5.0.6/lib/action_dispatch/middleware/templates/rescues/template_error.html.erb within rescues/layout
  Rendering /usr/local/lib/ruby/gems/2.2.0/gems/actionpack-5.0.6/lib/action_dispatch/middleware/templates/rescues/_source.html.erb
  Rendered /usr/local/lib/ruby/gems/2.2.0/gems/actionpack-5.0.6/lib/action_dispatch/middleware/templates/rescues/_source.html.erb (12.9ms)
  Rendering /usr/local/lib/ruby/gems/2.2.0/gems/actionpack-5.0.6/lib/action_dispatch/middleware/templates/rescues/_trace.html.erb
  Rendered /usr/local/lib/ruby/gems/2.2.0/gems/actionpack-5.0.6/lib/action_dispatch/middleware/templates/rescues/_trace.html.erb (5.9ms)
  Rendering /usr/local/lib/ruby/gems/2.2.0/gems/actionpack-5.0.6/lib/action_dispatch/middleware/templates/rescues/_request_and_response.html.erb
  Rendered /usr/local/lib/ruby/gems/2.2.0/gems/actionpack-5.0.6/lib/action_dispatch/middleware/templates/rescues/_request_and_response.html.erb (12.8ms)
  Rendered /usr/local/lib/ruby/gems/2.2.0/gems/actionpack-5.0.6/lib/action_dispatch/middleware/templates/rescues/template_error.html.erb within rescues/layout (129.1ms)
Started GET "/songs" for 127.0.0.1 at 2017-12-17 21:29:23 -0600
Processing by SongsController#index as HTML
  Rendering songs/index.html.erb within layouts/admin
  [1m[36mSong Load (0.2ms)[0m  [1m[34mSELECT "songs".* FROM "songs"[0m
  Rendered collection of templates [0 times] (0.0ms)
  Rendered songs/index.html.erb within layouts/admin (1.5ms)
Completed 500 Internal Server Error in 131ms (ActiveRecord: 0.2ms)


  
ActionView::Template::Error (undefined local variable or method `crsf_meta_tags' for #<#<Class:0x007fb094d81ea8>:0x007fb094cba128>):
    3: <head>
    4: 	<meta charset="utf-8">
    5: 	<title>GeekRadio Admin</title>
    6: 	<%= crsf_meta_tags %>
    7: 
    8: 	<%= javascript_include_tag 'admin', 'data-turbolinks-track': 'reload' %>
    9: 
  
app/views/layouts/admin.html.erb:6:in `_app_views_layouts_admin_html_erb__2309575735127604365_70198193654360'
  Rendering /usr/local/lib/ruby/gems/2.2.0/gems/actionpack-5.0.6/lib/action_dispatch/middleware/templates/rescues/template_error.html.erb within rescues/layout
  Rendering /usr/local/lib/ruby/gems/2.2.0/gems/actionpack-5.0.6/lib/action_dispatch/middleware/templates/rescues/_source.html.erb
  Rendered /usr/local/lib/ruby/gems/2.2.0/gems/actionpack-5.0.6/lib/action_dispatch/middleware/templates/rescues/_source.html.erb (8.9ms)
  Rendering /usr/local/lib/ruby/gems/2.2.0/gems/actionpack-5.0.6/lib/action_dispatch/middleware/templates/rescues/_trace.html.erb
  Rendered /usr/local/lib/ruby/gems/2.2.0/gems/actionpack-5.0.6/lib/action_dispatch/middleware/templates/rescues/_trace.html.erb (3.8ms)
  Rendering /usr/local/lib/ruby/gems/2.2.0/gems/actionpack-5.0.6/lib/action_dispatch/middleware/templates/rescues/_request_and_response.html.erb
  Rendered /usr/local/lib/ruby/gems/2.2.0/gems/actionpack-5.0.6/lib/action_dispatch/middleware/templates/rescues/_request_and_response.html.erb (0.9ms)
  Rendered /usr/local/lib/ruby/gems/2.2.0/gems/actionpack-5.0.6/lib/action_dispatch/middleware/templates/rescues/template_error.html.erb within rescues/layout (94.6ms)
Started GET "/songs" for 127.0.0.1 at 2017-12-17 21:29:25 -0600
Processing by SongsController#index as HTML
  Rendering songs/index.html.erb within layouts/admin
  [1m[36mSong Load (0.1ms)[0m  [1m[34mSELECT "songs".* FROM "songs"[0m
  Rendered collection of templates [0 times] (0.0ms)
  Rendered songs/index.html.erb within layouts/admin (1.2ms)
Completed 500 Internal Server Error in 133ms (ActiveRecord: 0.1ms)


  
ActionView::Template::Error (undefined local variable or method `crsf_meta_tags' for #<#<Class:0x007fb094d81ea8>:0x007fb091faa7a0>):
    3: <head>
    4: 	<meta charset="utf-8">
    5: 	<title>GeekRadio Admin</title>
    6: 	<%= crsf_meta_tags %>
    7: 
    8: 	<%= javascript_include_tag 'admin', 'data-turbolinks-track': 'reload' %>
    9: 
  
app/views/layouts/admin.html.erb:6:in `_app_views_layouts_admin_html_erb__2309575735127604365_70198170031860'
  Rendering /usr/local/lib/ruby/gems/2.2.0/gems/actionpack-5.0.6/lib/action_dispatch/middleware/templates/rescues/template_error.html.erb within rescues/layout
  Rendering /usr/local/lib/ruby/gems/2.2.0/gems/actionpack-5.0.6/lib/action_dispatch/middleware/templates/rescues/_source.html.erb
  Rendered /usr/local/lib/ruby/gems/2.2.0/gems/actionpack-5.0.6/lib/action_dispatch/middleware/templates/rescues/_source.html.erb (12.6ms)
  Rendering /usr/local/lib/ruby/gems/2.2.0/gems/actionpack-5.0.6/lib/action_dispatch/middleware/templates/rescues/_trace.html.erb
  Rendered /usr/local/lib/ruby/gems/2.2.0/gems/actionpack-5.0.6/lib/action_dispatch/middleware/templates/rescues/_trace.html.erb (3.0ms)
  Rendering /usr/local/lib/ruby/gems/2.2.0/gems/actionpack-5.0.6/lib/action_dispatch/middleware/templates/rescues/_request_and_response.html.erb
  Rendered /usr/local/lib/ruby/gems/2.2.0/gems/actionpack-5.0.6/lib/action_dispatch/middleware/templates/rescues/_request_and_response.html.erb (1.4ms)
  Rendered /usr/local/lib/ruby/gems/2.2.0/gems/actionpack-5.0.6/lib/action_dispatch/middleware/templates/rescues/template_error.html.erb within rescues/layout (101.7ms)
Started GET "/" for 127.0.0.1 at 2017-12-17 21:30:06 -0600
Processing by Rails::WelcomeController#index as HTML
  Parameters: {"internal"=>true}
  Rendering /usr/local/lib/ruby/gems/2.2.0/gems/railties-5.0.6/lib/rails/templates/rails/welcome/index.html.erb
  Rendered /usr/local/lib/ruby/gems/2.2.0/gems/railties-5.0.6/lib/rails/templates/rails/welcome/index.html.erb (3.1ms)
Completed 200 OK in 8ms (Views: 5.6ms | ActiveRecord: 0.0ms)


Started GET "/songs" for 127.0.0.1 at 2017-12-17 21:30:13 -0600
Processing by SongsController#index as HTML
  Rendering songs/index.html.erb within layouts/admin
  [1m[36mSong Load (0.3ms)[0m  [1m[34mSELECT "songs".* FROM "songs"[0m
  Rendered collection of templates [0 times] (0.0ms)
  Rendered songs/index.html.erb within layouts/admin (2.5ms)
Completed 500 Internal Server Error in 138ms (ActiveRecord: 0.3ms)


  
ActionView::Template::Error (undefined local variable or method `crsf_meta_tags' for #<#<Class:0x007fb094d81ea8>:0x007fb090d00550>):
    3: <head>
    4: 	<meta charset="utf-8">
    5: 	<title>GeekRadio Admin</title>
    6: 	<%= crsf_meta_tags %>
    7: 
    8: 	<%= javascript_include_tag 'admin' %>
    9: 
  
app/views/layouts/admin.html.erb:6:in `_app_views_layouts_admin_html_erb__2309575735127604365_70198160244840'
  Rendering /usr/local/lib/ruby/gems/2.2.0/gems/actionpack-5.0.6/lib/action_dispatch/middleware/templates/rescues/template_error.html.erb within rescues/layout
  Rendering /usr/local/lib/ruby/gems/2.2.0/gems/actionpack-5.0.6/lib/action_dispatch/middleware/templates/rescues/_source.html.erb
  Rendered /usr/local/lib/ruby/gems/2.2.0/gems/actionpack-5.0.6/lib/action_dispatch/middleware/templates/rescues/_source.html.erb (14.5ms)
  Rendering /usr/local/lib/ruby/gems/2.2.0/gems/actionpack-5.0.6/lib/action_dispatch/middleware/templates/rescues/_trace.html.erb
  Rendered /usr/local/lib/ruby/gems/2.2.0/gems/actionpack-5.0.6/lib/action_dispatch/middleware/templates/rescues/_trace.html.erb (8.8ms)
  Rendering /usr/local/lib/ruby/gems/2.2.0/gems/actionpack-5.0.6/lib/action_dispatch/middleware/templates/rescues/_request_and_response.html.erb
  Rendered /usr/local/lib/ruby/gems/2.2.0/gems/actionpack-5.0.6/lib/action_dispatch/middleware/templates/rescues/_request_and_response.html.erb (1.6ms)
  Rendered /usr/local/lib/ruby/gems/2.2.0/gems/actionpack-5.0.6/lib/action_dispatch/middleware/templates/rescues/template_error.html.erb within rescues/layout (110.1ms)
Started GET "/songs" for 127.0.0.1 at 2017-12-17 21:59:11 -0600
Processing by SongsController#index as HTML
  Rendering songs/index.html.erb within layouts/admin
  [1m[36mSong Load (0.3ms)[0m  [1m[34mSELECT "songs".* FROM "songs"[0m
  Rendered collection of templates [0 times] (0.0ms)
  Rendered songs/index.html.erb within layouts/admin (3.3ms)
Completed 500 Internal Server Error in 158ms (ActiveRecord: 0.3ms)


  
ActionView::Template::Error (undefined local variable or method `crsf_meta_tags' for #<#<Class:0x007fb094d81ea8>:0x007fb094afbad0>):
    3: <head>
    4: 	<meta charset="utf-8">
    5: 	<title>GeekRadio Admin</title>
    6: 	<%= crsf_meta_tags %>
    7: 
    8: 	<%= javascript_include_tag 'admin', 'data-turbolinks-track': 'reload' %>
    9: 
  
app/views/layouts/admin.html.erb:6:in `_app_views_layouts_admin_html_erb__2309575735127604365_70198192918140'
  Rendering /usr/local/lib/ruby/gems/2.2.0/gems/actionpack-5.0.6/lib/action_dispatch/middleware/templates/rescues/template_error.html.erb within rescues/layout
  Rendering /usr/local/lib/ruby/gems/2.2.0/gems/actionpack-5.0.6/lib/action_dispatch/middleware/templates/rescues/_source.html.erb
  Rendered /usr/local/lib/ruby/gems/2.2.0/gems/actionpack-5.0.6/lib/action_dispatch/middleware/templates/rescues/_source.html.erb (8.4ms)
  Rendering /usr/local/lib/ruby/gems/2.2.0/gems/actionpack-5.0.6/lib/action_dispatch/middleware/templates/rescues/_trace.html.erb
  Rendered /usr/local/lib/ruby/gems/2.2.0/gems/actionpack-5.0.6/lib/action_dispatch/middleware/templates/rescues/_trace.html.erb (3.5ms)
  Rendering /usr/local/lib/ruby/gems/2.2.0/gems/actionpack-5.0.6/lib/action_dispatch/middleware/templates/rescues/_request_and_response.html.erb
  Rendered /usr/local/lib/ruby/gems/2.2.0/gems/actionpack-5.0.6/lib/action_dispatch/middleware/templates/rescues/_request_and_response.html.erb (1.6ms)
  Rendered /usr/local/lib/ruby/gems/2.2.0/gems/actionpack-5.0.6/lib/action_dispatch/middleware/templates/rescues/template_error.html.erb within rescues/layout (96.6ms)
Started GET "/songs" for 127.0.0.1 at 2017-12-17 22:23:42 -0600
Processing by SongsController#index as HTML
  Rendering songs/index.html.erb within layouts/admin
  [1m[36mSong Load (0.2ms)[0m  [1m[34mSELECT "songs".* FROM "songs"[0m
  Rendered collection of templates [0 times] (0.0ms)
  Rendered songs/index.html.erb within layouts/admin (1.5ms)
Completed 500 Internal Server Error in 137ms (ActiveRecord: 0.2ms)


  
ActionView::Template::Error (undefined local variable or method `crsf_meta_tags' for #<#<Class:0x007fb094d81ea8>:0x007fb094973690>):
    3: <head>
    4: 	<meta charset="utf-8">
    5: 	<title>GeekRadio Admin</title>
    6: 	<%= crsf_meta_tags %>
    7: 
    8: 	<%= javascript_include_tag 'admin', 'data-turbolinks-track': 'reload' %>
    9: 
  
app/views/layouts/admin.html.erb:6:in `_app_views_layouts_admin_html_erb__2309575735127604365_70198159727220'
  Rendering /usr/local/lib/ruby/gems/2.2.0/gems/actionpack-5.0.6/lib/action_dispatch/middleware/templates/rescues/template_error.html.erb within rescues/layout
  Rendering /usr/local/lib/ruby/gems/2.2.0/gems/actionpack-5.0.6/lib/action_dispatch/middleware/templates/rescues/_source.html.erb
  Rendered /usr/local/lib/ruby/gems/2.2.0/gems/actionpack-5.0.6/lib/action_dispatch/middleware/templates/rescues/_source.html.erb (8.7ms)
  Rendering /usr/local/lib/ruby/gems/2.2.0/gems/actionpack-5.0.6/lib/action_dispatch/middleware/templates/rescues/_trace.html.erb
  Rendered /usr/local/lib/ruby/gems/2.2.0/gems/actionpack-5.0.6/lib/action_dispatch/middleware/templates/rescues/_trace.html.erb (3.3ms)
  Rendering /usr/local/lib/ruby/gems/2.2.0/gems/actionpack-5.0.6/lib/action_dispatch/middleware/templates/rescues/_request_and_response.html.erb
  Rendered /usr/local/lib/ruby/gems/2.2.0/gems/actionpack-5.0.6/lib/action_dispatch/middleware/templates/rescues/_request_and_response.html.erb (1.5ms)
  Rendered /usr/local/lib/ruby/gems/2.2.0/gems/actionpack-5.0.6/lib/action_dispatch/middleware/templates/rescues/template_error.html.erb within rescues/layout (94.3ms)
Started GET "/songs" for 127.0.0.1 at 2017-12-17 22:24:27 -0600
Processing by SongsController#index as HTML
  Rendering songs/index.html.erb within layouts/admin
  [1m[36mSong Load (0.3ms)[0m  [1m[34mSELECT "songs".* FROM "songs"[0m
  Rendered collection of templates [0 times] (0.0ms)
  Rendered songs/index.html.erb within layouts/admin (2.5ms)
Completed 500 Internal Server Error in 317ms (ActiveRecord: 0.3ms)


  
ActionView::Template::Error (couldn't find file 'rails-ujs' with type 'application/javascript'
Checked in these paths: 
  /Users/iNjaro/Sites/Rails_Apps/geekRadioTut/app/assets/config
  /Users/iNjaro/Sites/Rails_Apps/geekRadioTut/app/assets/images
  /Users/iNjaro/Sites/Rails_Apps/geekRadioTut/app/assets/javascripts
  /Users/iNjaro/Sites/Rails_Apps/geekRadioTut/app/assets/stylesheets
  /Users/iNjaro/Sites/Rails_Apps/geekRadioTut/vendor/assets/javascripts
  /Users/iNjaro/Sites/Rails_Apps/geekRadioTut/vendor/assets/stylesheets
  /usr/local/lib/ruby/gems/2.2.0/gems/jquery-rails-4.3.1/vendor/assets/javascripts
  /usr/local/lib/ruby/gems/2.2.0/gems/coffee-rails-4.2.2/lib/assets/javascripts
  /usr/local/lib/ruby/gems/2.2.0/gems/actioncable-5.0.6/lib/assets/compiled
  /usr/local/lib/ruby/gems/2.2.0/gems/turbolinks-source-5.0.3/lib/assets/javascripts):
     5:   <title>GeekRadio Admin</title>
     6:   <%= csrf_meta_tags %>
     7: 
     8:   <%= javascript_include_tag 'admin', 'data-turbolinks-track': 'reload' %>
     9: </head>
    10: 
    11: <body>
  
app/assets/javascripts/admin.js:2
app/views/layouts/admin.html.erb:8:in `_app_views_layouts_admin_html_erb__2309575735127604365_70198193870680'
  Rendering /usr/local/lib/ruby/gems/2.2.0/gems/actionpack-5.0.6/lib/action_dispatch/middleware/templates/rescues/template_error.html.erb within rescues/layout
  Rendering /usr/local/lib/ruby/gems/2.2.0/gems/actionpack-5.0.6/lib/action_dispatch/middleware/templates/rescues/_source.html.erb
  Rendered /usr/local/lib/ruby/gems/2.2.0/gems/actionpack-5.0.6/lib/action_dispatch/middleware/templates/rescues/_source.html.erb (14.8ms)
  Rendering /usr/local/lib/ruby/gems/2.2.0/gems/actionpack-5.0.6/lib/action_dispatch/middleware/templates/rescues/_trace.html.erb
  Rendered /usr/local/lib/ruby/gems/2.2.0/gems/actionpack-5.0.6/lib/action_dispatch/middleware/templates/rescues/_trace.html.erb (5.1ms)
  Rendering /usr/local/lib/ruby/gems/2.2.0/gems/actionpack-5.0.6/lib/action_dispatch/middleware/templates/rescues/_request_and_response.html.erb
  Rendered /usr/local/lib/ruby/gems/2.2.0/gems/actionpack-5.0.6/lib/action_dispatch/middleware/templates/rescues/_request_and_response.html.erb (1.6ms)
  Rendered /usr/local/lib/ruby/gems/2.2.0/gems/actionpack-5.0.6/lib/action_dispatch/middleware/templates/rescues/template_error.html.erb within rescues/layout (101.2ms)
Started GET "/songs" for 127.0.0.1 at 2017-12-17 22:25:05 -0600
Processing by SongsController#index as HTML
  Rendering songs/index.html.erb within layouts/admin
  [1m[36mSong Load (0.3ms)[0m  [1m[34mSELECT "songs".* FROM "songs"[0m
  Rendered collection of templates [0 times] (0.0ms)
  Rendered songs/index.html.erb within layouts/admin (2.5ms)
Completed 500 Internal Server Error in 17ms (ActiveRecord: 0.3ms)


  
ActionView::Template::Error (couldn't find file 'rails-ujs' with type 'application/javascript'
Checked in these paths: 
  /Users/iNjaro/Sites/Rails_Apps/geekRadioTut/app/assets/config
  /Users/iNjaro/Sites/Rails_Apps/geekRadioTut/app/assets/images
  /Users/iNjaro/Sites/Rails_Apps/geekRadioTut/app/assets/javascripts
  /Users/iNjaro/Sites/Rails_Apps/geekRadioTut/app/assets/stylesheets
  /Users/iNjaro/Sites/Rails_Apps/geekRadioTut/vendor/assets/javascripts
  /Users/iNjaro/Sites/Rails_Apps/geekRadioTut/vendor/assets/stylesheets
  /usr/local/lib/ruby/gems/2.2.0/gems/jquery-rails-4.3.1/vendor/assets/javascripts
  /usr/local/lib/ruby/gems/2.2.0/gems/coffee-rails-4.2.2/lib/assets/javascripts
  /usr/local/lib/ruby/gems/2.2.0/gems/actioncable-5.0.6/lib/assets/compiled
  /usr/local/lib/ruby/gems/2.2.0/gems/turbolinks-source-5.0.3/lib/assets/javascripts):
     5: 	<title>GeekRadio Admin</title>
     6: 	<%= csrf_meta_tags %>
     7: 
     8: 	<%= javascript_include_tag 'admin', 'data-turbolinks-track': 'reload' %>
     9: 
    10: </head>
    11: 
  
app/assets/javascripts/admin.js:2
app/views/layouts/admin.html.erb:8:in `_app_views_layouts_admin_html_erb__2309575735127604365_70198194045080'
  Rendering /usr/local/lib/ruby/gems/2.2.0/gems/actionpack-5.0.6/lib/action_dispatch/middleware/templates/rescues/template_error.html.erb within rescues/layout
  Rendering /usr/local/lib/ruby/gems/2.2.0/gems/actionpack-5.0.6/lib/action_dispatch/middleware/templates/rescues/_source.html.erb
  Rendered /usr/local/lib/ruby/gems/2.2.0/gems/actionpack-5.0.6/lib/action_dispatch/middleware/templates/rescues/_source.html.erb (12.4ms)
  Rendering /usr/local/lib/ruby/gems/2.2.0/gems/actionpack-5.0.6/lib/action_dispatch/middleware/templates/rescues/_trace.html.erb
  Rendered /usr/local/lib/ruby/gems/2.2.0/gems/actionpack-5.0.6/lib/action_dispatch/middleware/templates/rescues/_trace.html.erb (4.9ms)
  Rendering /usr/local/lib/ruby/gems/2.2.0/gems/actionpack-5.0.6/lib/action_dispatch/middleware/templates/rescues/_request_and_response.html.erb
  Rendered /usr/local/lib/ruby/gems/2.2.0/gems/actionpack-5.0.6/lib/action_dispatch/middleware/templates/rescues/_request_and_response.html.erb (0.9ms)
  Rendered /usr/local/lib/ruby/gems/2.2.0/gems/actionpack-5.0.6/lib/action_dispatch/middleware/templates/rescues/template_error.html.erb within rescues/layout (96.9ms)
Started GET "/" for 127.0.0.1 at 2017-12-17 22:27:04 -0600
Processing by Rails::WelcomeController#index as HTML
  Parameters: {"internal"=>true}
  Rendering /usr/local/lib/ruby/gems/2.2.0/gems/railties-5.0.6/lib/rails/templates/rails/welcome/index.html.erb
  Rendered /usr/local/lib/ruby/gems/2.2.0/gems/railties-5.0.6/lib/rails/templates/rails/welcome/index.html.erb (6.0ms)
Completed 200 OK in 11ms (Views: 8.6ms | ActiveRecord: 0.0ms)


Started GET "/songs" for 127.0.0.1 at 2017-12-17 22:27:09 -0600
Processing by SongsController#index as HTML
  Rendering songs/index.html.erb within layouts/admin
  [1m[36mSong Load (0.2ms)[0m  [1m[34mSELECT "songs".* FROM "songs"[0m
  Rendered collection of templates [0 times] (0.0ms)
  Rendered songs/index.html.erb within layouts/admin (1.5ms)
Completed 500 Internal Server Error in 15ms (ActiveRecord: 0.2ms)


  
ActionView::Template::Error (couldn't find file 'rails-ujs' with type 'application/javascript'
Checked in these paths: 
  /Users/iNjaro/Sites/Rails_Apps/geekRadioTut/app/assets/config
  /Users/iNjaro/Sites/Rails_Apps/geekRadioTut/app/assets/images
  /Users/iNjaro/Sites/Rails_Apps/geekRadioTut/app/assets/javascripts
  /Users/iNjaro/Sites/Rails_Apps/geekRadioTut/app/assets/stylesheets
  /Users/iNjaro/Sites/Rails_Apps/geekRadioTut/vendor/assets/javascripts
  /Users/iNjaro/Sites/Rails_Apps/geekRadioTut/vendor/assets/stylesheets
  /usr/local/lib/ruby/gems/2.2.0/gems/jquery-rails-4.3.1/vendor/assets/javascripts
  /usr/local/lib/ruby/gems/2.2.0/gems/coffee-rails-4.2.2/lib/assets/javascripts
  /usr/local/lib/ruby/gems/2.2.0/gems/actioncable-5.0.6/lib/assets/compiled
  /usr/local/lib/ruby/gems/2.2.0/gems/turbolinks-source-5.0.3/lib/assets/javascripts):
     5: 	<title>GeekRadio Admin</title>
     6: 	<%= csrf_meta_tags %>
     7: 
     8: 	<%= javascript_include_tag 'admin', 'data-turbolinks-track': 'reload' %>
     9: 
    10: </head>
    11: 
  
app/assets/javascripts/admin.js:2
app/views/layouts/admin.html.erb:8:in `_app_views_layouts_admin_html_erb__2309575735127604365_70198210469280'
  Rendering /usr/local/lib/ruby/gems/2.2.0/gems/actionpack-5.0.6/lib/action_dispatch/middleware/templates/rescues/template_error.html.erb within rescues/layout
  Rendering /usr/local/lib/ruby/gems/2.2.0/gems/actionpack-5.0.6/lib/action_dispatch/middleware/templates/rescues/_source.html.erb
  Rendered /usr/local/lib/ruby/gems/2.2.0/gems/actionpack-5.0.6/lib/action_dispatch/middleware/templates/rescues/_source.html.erb (10.7ms)
  Rendering /usr/local/lib/ruby/gems/2.2.0/gems/actionpack-5.0.6/lib/action_dispatch/middleware/templates/rescues/_trace.html.erb
  Rendered /usr/local/lib/ruby/gems/2.2.0/gems/actionpack-5.0.6/lib/action_dispatch/middleware/templates/rescues/_trace.html.erb (8.4ms)
  Rendering /usr/local/lib/ruby/gems/2.2.0/gems/actionpack-5.0.6/lib/action_dispatch/middleware/templates/rescues/_request_and_response.html.erb
  Rendered /usr/local/lib/ruby/gems/2.2.0/gems/actionpack-5.0.6/lib/action_dispatch/middleware/templates/rescues/_request_and_response.html.erb (1.3ms)
  Rendered /usr/local/lib/ruby/gems/2.2.0/gems/actionpack-5.0.6/lib/action_dispatch/middleware/templates/rescues/template_error.html.erb within rescues/layout (109.7ms)
Started GET "/songs" for 127.0.0.1 at 2017-12-17 22:27:49 -0600
Processing by SongsController#index as HTML
  Rendering songs/index.html.erb within layouts/admin
  [1m[36mSong Load (0.3ms)[0m  [1m[34mSELECT "songs".* FROM "songs"[0m
  Rendered collection of templates [0 times] (0.0ms)
  Rendered songs/index.html.erb within layouts/admin (2.4ms)
Completed 200 OK in 2021ms (Views: 2018.6ms | ActiveRecord: 0.3ms)


Started GET "/songs/new" for 127.0.0.1 at 2017-12-17 22:27:55 -0600
Processing by SongsController#new as HTML
  Rendering songs/new.html.erb within layouts/admin
  Rendered songs/new.html.erb within layouts/admin (0.5ms)
Completed 200 OK in 24ms (Views: 13.6ms | ActiveRecord: 0.4ms)


